0 info it worked if it ends with ok
1 verbose cli [ 'C:\\Program Files\\nodejs\\node.exe',
1 verbose cli   'C:\\Program Files\\nodejs\\node_modules\\npm\\bin\\npm-cli.js',
1 verbose cli   'start' ]
2 info using npm@6.4.1
3 info using node@v10.15.0
4 verbose run-script [ 'prestart', 'start', 'poststart' ]
5 info lifecycle web-and-mobile@1.0.0~prestart: web-and-mobile@1.0.0
6 info lifecycle web-and-mobile@1.0.0~start: web-and-mobile@1.0.0
7 verbose lifecycle web-and-mobile@1.0.0~start: unsafe-perm in lifecycle true
8 verbose lifecycle web-and-mobile@1.0.0~start: PATH: C:\Program Files\nodejs\node_modules\npm\node_modules\npm-lifecycle\node-gyp-bin;C:\Users\Janne Marjalaakso\web-projects\part3\web-and-mobile\node_modules\.bin;C:\Program Files\Oculus\Support\oculus-runtime;C:\Program Files (x86)\Intel\Intel(R) Management Engine Components\iCLS\;C:\Program Files\Intel\Intel(R) Management Engine Components\iCLS\;C:\Windows\system32;C:\Windows;C:\Windows\System32\Wbem;C:\Windows\System32\WindowsPowerShell\v1.0\;C:\Program Files (x86)\Intel\Intel(R) Management Engine Components\DAL;C:\Program Files\Intel\Intel(R) Management Engine Components\DAL;C:\Program Files (x86)\Intel\Intel(R) Management Engine Components\IPT;C:\Program Files\Intel\Intel(R) Management Engine Components\IPT;C:\Program Files\Intel\WiFi\bin\;C:\Program Files\Common Files\Intel\WirelessCommon\;C:\Program Files (x86)\NVIDIA Corporation\PhysX\Common;C:\WINDOWS\system32;C:\WINDOWS;C:\WINDOWS\System32\Wbem;C:\WINDOWS\System32\WindowsPowerShell\v1.0\;C:\WINDOWS\System32\OpenSSH\;C:\Program Files\NVIDIA Corporation\NVIDIA NvDLISR;C:\Program Files\nodejs\;C:\Program Files\Git\cmd;C:\Users\Janne Marjalaakso\AppData\Local\Microsoft\WindowsApps;C:\Program Files\Intel\WiFi\bin\;C:\Program Files\Common Files\Intel\WirelessCommon\;C:\Users\Janne Marjalaakso\AppData\Roaming\npm;C:\Users\Janne Marjalaakso\AppData\Local\Programs\Microsoft VS Code\bin;C:\Program Files\Java\jdk-11.0.2\bin;
9 verbose lifecycle web-and-mobile@1.0.0~start: CWD: C:\Users\Janne Marjalaakso\web-projects\part3\web-and-mobile
10 silly lifecycle web-and-mobile@1.0.0~start: Args: [ '/d /s /c', 'node index.js' ]
11 silly lifecycle web-and-mobile@1.0.0~start: Returned: code: 1  signal: null
12 info lifecycle web-and-mobile@1.0.0~start: Failed to exec start script
13 verbose stack Error: web-and-mobile@1.0.0 start: `node index.js`
13 verbose stack Exit status 1
13 verbose stack     at EventEmitter.<anonymous> (C:\Program Files\nodejs\node_modules\npm\node_modules\npm-lifecycle\index.js:301:16)
13 verbose stack     at EventEmitter.emit (events.js:182:13)
13 verbose stack     at ChildProcess.<anonymous> (C:\Program Files\nodejs\node_modules\npm\node_modules\npm-lifecycle\lib\spawn.js:55:14)
13 verbose stack     at ChildProcess.emit (events.js:182:13)
13 verbose stack     at maybeClose (internal/child_process.js:962:16)
13 verbose stack     at Process.ChildProcess._handle.onexit (internal/child_process.js:251:5)
14 verbose pkgid web-and-mobile@1.0.0
15 verbose cwd C:\Users\Janne Marjalaakso\web-projects\part3\web-and-mobile
16 verbose Windows_NT 10.0.17763
17 verbose argv "C:\\Program Files\\nodejs\\node.exe" "C:\\Program Files\\nodejs\\node_modules\\npm\\bin\\npm-cli.js" "start"
18 verbose node v10.15.0
19 verbose npm  v6.4.1
20 error code ELIFECYCLE
21 error errno 1
22 error web-and-mobile@1.0.0 start: `node index.js`
22 error Exit status 1
23 error Failed at the web-and-mobile@1.0.0 start script.
23 error This is probably not a problem with npm. There is likely additional logging output above.
24 verbose exit [ 1, true ]
